1568119031.600575 client started (20978): version 2.6, socket /tmp/tmux-1000/default, protocol 8
1568119031.600624 on Linux 5.0.0-25-generic #26~18.04.1-Ubuntu SMP Thu Aug 1 13:51:02 UTC 2019; libevent 2.1.8-stable (poll)
1568119031.600656 socket is /tmp/tmux-1000/default
1568119031.600676 trying connect
1568119031.600917 add peer 0x562aa5b43c00: 6 ((nil))
1568119031.600989 sending message 100 to peer 0x562aa5b43c00 (4 bytes)
1568119031.601004 sending message 101 to peer 0x562aa5b43c00 (15 bytes)
1568119031.601013 sending message 102 to peer 0x562aa5b43c00 (11 bytes)
1568119031.601022 sending message 108 to peer 0x562aa5b43c00 (26 bytes)
1568119031.601033 sending message 104 to peer 0x562aa5b43c00 (0 bytes)
1568119031.601044 sending message 107 to peer 0x562aa5b43c00 (4 bytes)
1568119031.601057 sending message 105 to peer 0x562aa5b43c00 (1524 bytes)
1568119031.601073 sending message 105 to peer 0x562aa5b43c00 (54 bytes)
1568119031.601083 sending message 105 to peer 0x562aa5b43c00 (34 bytes)
1568119031.601092 sending message 105 to peer 0x562aa5b43c00 (17 bytes)
1568119031.601101 sending message 105 to peer 0x562aa5b43c00 (31 bytes)
1568119031.601110 sending message 105 to peer 0x562aa5b43c00 (48 bytes)
1568119031.601119 sending message 105 to peer 0x562aa5b43c00 (14 bytes)
1568119031.601129 sending message 105 to peer 0x562aa5b43c00 (22 bytes)
1568119031.601138 sending message 105 to peer 0x562aa5b43c00 (19 bytes)
1568119031.601147 sending message 105 to peer 0x562aa5b43c00 (11 bytes)
1568119031.601156 sending message 105 to peer 0x562aa5b43c00 (30 bytes)
1568119031.601165 sending message 105 to peer 0x562aa5b43c00 (17 bytes)
1568119031.601174 sending message 105 to peer 0x562aa5b43c00 (20 bytes)
1568119031.601183 sending message 105 to peer 0x562aa5b43c00 (36 bytes)
1568119031.601192 sending message 105 to peer 0x562aa5b43c00 (19 bytes)
1568119031.601201 sending message 105 to peer 0x562aa5b43c00 (21 bytes)
1568119031.601210 sending message 105 to peer 0x562aa5b43c00 (16 bytes)
1568119031.601219 sending message 105 to peer 0x562aa5b43c00 (20 bytes)
1568119031.601229 sending message 105 to peer 0x562aa5b43c00 (8 bytes)
1568119031.601238 sending message 105 to peer 0x562aa5b43c00 (14 bytes)
1568119031.601247 sending message 105 to peer 0x562aa5b43c00 (31 bytes)
1568119031.601256 sending message 105 to peer 0x562aa5b43c00 (94 bytes)
1568119031.601265 sending message 105 to peer 0x562aa5b43c00 (32 bytes)
1568119031.601274 sending message 105 to peer 0x562aa5b43c00 (16 bytes)
1568119031.601283 sending message 105 to peer 0x562aa5b43c00 (19 bytes)
1568119031.601292 sending message 105 to peer 0x562aa5b43c00 (16 bytes)
1568119031.601302 sending message 106 to peer 0x562aa5b43c00 (0 bytes)
1568119031.601311 sending message 200 to peer 0x562aa5b43c00 (4 bytes)
1568119031.601320 client loop enter
1568119031.610252 peer 0x562aa5b43c00 message 207
1568119031.610277 sending message 208 to peer 0x562aa5b43c00 (0 bytes)
1568119038.321439 peer 0x562aa5b43c00 message 201
1568119038.321501 sending message 205 to peer 0x562aa5b43c00 (0 bytes)
1568119038.322041 peer 0x562aa5b43c00 message 204
1568119038.322062 client loop exit
